2021-03-31T05:42:33+00:00 CRITICAL Uncaught Error: Unknown named parameter $tasks_meta_id in /opt/lampp/htdocs/company-profile/wp-includes/class-wp-hook.php:292
Stack trace:
#0 /opt/lampp/htdocs/company-profile/wp-includes/class-wp-hook.php(316): WP_Hook->apply_filters('', Array)
#1 /opt/lampp/htdocs/company-profile/wp-includes/plugin.php(551): WP_Hook->do_action(Array)
#2 /opt/lampp/htdocs/company-profile/wp-content/plugins/wpforms-lite/vendor/woocommerce/action-scheduler/classes/actions/ActionScheduler_Action.php(22): do_action_ref_array('wpforms_process...', Array)
#3 /opt/lampp/htdocs/company-profile/wp-content/plugins/wpforms-lite/vendor/woocommerce/action-scheduler/classes/abstracts/ActionScheduler_Abstract_QueueRunner.php(65): ActionScheduler_Action->execute()
#4 /opt/lampp/htdocs/company-profile/wp-content/plugins/wpforms-lite/vendor/woocommerce/action-scheduler/classes/ActionScheduler_QueueRunner.php(162): ActionScheduler_Abstract_QueueRunner->process_action(570, 'WP Cron')
#5 /opt/lampp/htdocs/company-profile/wp-content/plugins/wpforms-lite/vendor/woocommerce/action-scheduler/classes/ActionScheduler_QueueRunner.php(132): ActionScheduler_QueueRunner->do_batch(25, 'WP Cron')
#6 /opt/lampp/htdocs/company-profile/wp-includes/class-wp-hook.php(292): ActionScheduler_QueueRunner->run('WP Cron')
#7 /opt/lampp/htdocs/company-profile/wp-includes/class-wp-hook.php(316): WP_Hook->apply_filters('', Array)
#8 /opt/lampp/htdocs/company-profile/wp-includes/plugin.php(551): WP_Hook->do_action(Array)
#9 /opt/lampp/htdocs/company-profile/wp-cron.php(138): do_action_ref_array('action_schedule...', Array)
#10 {main}
  thrown

2021-03-31T05:42:45+00:00 CRITICAL Uncaught Error: Unknown named parameter $tasks_meta_id in /opt/lampp/htdocs/company-profile/wp-includes/class-wp-hook.php:292
Stack trace:
#0 /opt/lampp/htdocs/company-profile/wp-includes/class-wp-hook.php(316): WP_Hook->apply_filters('', Array)
#1 /opt/lampp/htdocs/company-profile/wp-includes/plugin.php(551): WP_Hook->do_action(Array)
#2 /opt/lampp/htdocs/company-profile/wp-content/plugins/wpforms-lite/vendor/woocommerce/action-scheduler/classes/actions/ActionScheduler_Action.php(22): do_action_ref_array('wpforms_admin_n...', Array)
#3 /opt/lampp/htdocs/company-profile/wp-content/plugins/wpforms-lite/vendor/woocommerce/action-scheduler/classes/abstracts/ActionScheduler_Abstract_QueueRunner.php(65): ActionScheduler_Action->execute()
#4 /opt/lampp/htdocs/company-profile/wp-content/plugins/wpforms-lite/vendor/woocommerce/action-scheduler/classes/ActionScheduler_QueueRunner.php(162): ActionScheduler_Abstract_QueueRunner->process_action(656, 'Async Request')
#5 /opt/lampp/htdocs/company-profile/wp-content/plugins/wpforms-lite/vendor/woocommerce/action-scheduler/classes/ActionScheduler_QueueRunner.php(132): ActionScheduler_QueueRunner->do_batch(25, 'Async Request')
#6 /opt/lampp/htdocs/company-profile/wp-includes/class-wp-hook.php(292): ActionScheduler_QueueRunner->run('Async Request')
#7 /opt/lampp/htdocs/company-profile/wp-includes/class-wp-hook.php(316): WP_Hook->apply_filters('', Array)
#8 /opt/lampp/htdocs/company-profile/wp-includes/plugin.php(484): WP_Hook->do_action(Array)
#9 /opt/lampp/htdocs/company-profile/wp-content/plugins/wpforms-lite/vendor/woocommerce/action-scheduler/classes/ActionScheduler_AsyncRequest_QueueRunner.php(52): do_action('action_schedule...', 'Async Request')
#10 /opt/lampp/htdocs/company-profile/wp-content/plugins/wpforms-lite/vendor/woocommerce/action-scheduler/lib/WP_Async_Request.php(156): ActionScheduler_AsyncRequest_QueueRunner->handle()
#11 /opt/lampp/htdocs/company-profile/wp-includes/class-wp-hook.php(292): WP_Async_Request->maybe_handle('')
#12 /opt/lampp/htdocs/company-profile/wp-includes/class-wp-hook.php(316): WP_Hook->apply_filters('', Array)
#13 /opt/lampp/htdocs/company-profile/wp-includes/plugin.php(484): WP_Hook->do_action(Array)
#14 /opt/lampp/htdocs/company-profile/wp-admin/admin-ajax.php(187): do_action('wp_ajax_as_asyn...')
#15 {main}
  thrown

2021-03-31T05:46:56+00:00 CRITICAL Uncaught Error: Unknown named parameter $tasks_meta_id in /opt/lampp/htdocs/company-profile/wp-includes/class-wp-hook.php:292
Stack trace:
#0 /opt/lampp/htdocs/company-profile/wp-includes/class-wp-hook.php(316): WP_Hook->apply_filters('', Array)
#1 /opt/lampp/htdocs/company-profile/wp-includes/plugin.php(551): WP_Hook->do_action(Array)
#2 /opt/lampp/htdocs/company-profile/wp-content/plugins/wpforms-lite/vendor/woocommerce/action-scheduler/classes/actions/ActionScheduler_Action.php(22): do_action_ref_array('wpforms_admin_n...', Array)
#3 /opt/lampp/htdocs/company-profile/wp-content/plugins/wpforms-lite/vendor/woocommerce/action-scheduler/classes/abstracts/ActionScheduler_Abstract_QueueRunner.php(65): ActionScheduler_Action->execute()
#4 /opt/lampp/htdocs/company-profile/wp-content/plugins/wpforms-lite/vendor/woocommerce/action-scheduler/classes/ActionScheduler_QueueRunner.php(162): ActionScheduler_Abstract_QueueRunner->process_action(658, 'WP Cron')
#5 /opt/lampp/htdocs/company-profile/wp-content/plugins/wpforms-lite/vendor/woocommerce/action-scheduler/classes/ActionScheduler_QueueRunner.php(132): ActionScheduler_QueueRunner->do_batch(25, 'WP Cron')
#6 /opt/lampp/htdocs/company-profile/wp-includes/class-wp-hook.php(292): ActionScheduler_QueueRunner->run('WP Cron')
#7 /opt/lampp/htdocs/company-profile/wp-includes/class-wp-hook.php(316): WP_Hook->apply_filters('', Array)
#8 /opt/lampp/htdocs/company-profile/wp-includes/plugin.php(551): WP_Hook->do_action(Array)
#9 /opt/lampp/htdocs/company-profile/wp-cron.php(138): do_action_ref_array('action_schedule...', Array)
#10 {main}
  thrown

2021-03-31T05:57:49+00:00 CRITICAL Uncaught Error: Unknown named parameter $tasks_meta_id in /opt/lampp/htdocs/company-profile/wp-includes/class-wp-hook.php:292
Stack trace:
#0 /opt/lampp/htdocs/company-profile/wp-includes/class-wp-hook.php(316): WP_Hook->apply_filters('', Array)
#1 /opt/lampp/htdocs/company-profile/wp-includes/plugin.php(551): WP_Hook->do_action(Array)
#2 /opt/lampp/htdocs/company-profile/wp-content/plugins/wpforms-lite/vendor/woocommerce/action-scheduler/classes/actions/ActionScheduler_Action.php(22): do_action_ref_array('wpforms_admin_n...', Array)
#3 /opt/lampp/htdocs/company-profile/wp-content/plugins/wpforms-lite/vendor/woocommerce/action-scheduler/classes/abstracts/ActionScheduler_Abstract_QueueRunner.php(65): ActionScheduler_Action->execute()
#4 /opt/lampp/htdocs/company-profile/wp-content/plugins/wpforms-lite/vendor/woocommerce/action-scheduler/classes/ActionScheduler_QueueRunner.php(162): ActionScheduler_Abstract_QueueRunner->process_action(659, 'Async Request')
#5 /opt/lampp/htdocs/company-profile/wp-content/plugins/wpforms-lite/vendor/woocommerce/action-scheduler/classes/ActionScheduler_QueueRunner.php(132): ActionScheduler_QueueRunner->do_batch(25, 'Async Request')
#6 /opt/lampp/htdocs/company-profile/wp-includes/class-wp-hook.php(292): ActionScheduler_QueueRunner->run('Async Request')
#7 /opt/lampp/htdocs/company-profile/wp-includes/class-wp-hook.php(316): WP_Hook->apply_filters('', Array)
#8 /opt/lampp/htdocs/company-profile/wp-includes/plugin.php(484): WP_Hook->do_action(Array)
#9 /opt/lampp/htdocs/company-profile/wp-content/plugins/wpforms-lite/vendor/woocommerce/action-scheduler/classes/ActionScheduler_AsyncRequest_QueueRunner.php(52): do_action('action_schedule...', 'Async Request')
#10 /opt/lampp/htdocs/company-profile/wp-content/plugins/wpforms-lite/vendor/woocommerce/action-scheduler/lib/WP_Async_Request.php(156): ActionScheduler_AsyncRequest_QueueRunner->handle()
#11 /opt/lampp/htdocs/company-profile/wp-includes/class-wp-hook.php(292): WP_Async_Request->maybe_handle('')
#12 /opt/lampp/htdocs/company-profile/wp-includes/class-wp-hook.php(316): WP_Hook->apply_filters('', Array)
#13 /opt/lampp/htdocs/company-profile/wp-includes/plugin.php(484): WP_Hook->do_action(Array)
#14 /opt/lampp/htdocs/company-profile/wp-admin/admin-ajax.php(187): do_action('wp_ajax_as_asyn...')
#15 {main}
  thrown

2021-03-31T05:58:24+00:00 CRITICAL Uncaught Error: Unknown named parameter $tasks_meta_id in /opt/lampp/htdocs/company-profile/wp-includes/class-wp-hook.php:292
Stack trace:
#0 /opt/lampp/htdocs/company-profile/wp-includes/class-wp-hook.php(316): WP_Hook->apply_filters('', Array)
#1 /opt/lampp/htdocs/company-profile/wp-includes/plugin.php(551): WP_Hook->do_action(Array)
#2 /opt/lampp/htdocs/company-profile/wp-content/plugins/wpforms-lite/vendor/woocommerce/action-scheduler/classes/actions/ActionScheduler_Action.php(22): do_action_ref_array('wpforms_admin_n...', Array)
#3 /opt/lampp/htdocs/company-profile/wp-content/plugins/wpforms-lite/vendor/woocommerce/action-scheduler/classes/abstracts/ActionScheduler_Abstract_QueueRunner.php(65): ActionScheduler_Action->execute()
#4 /opt/lampp/htdocs/company-profile/wp-content/plugins/wpforms-lite/vendor/woocommerce/action-scheduler/classes/ActionScheduler_QueueRunner.php(162): ActionScheduler_Abstract_QueueRunner->process_action(660, 'WP Cron')
#5 /opt/lampp/htdocs/company-profile/wp-content/plugins/wpforms-lite/vendor/woocommerce/action-scheduler/classes/ActionScheduler_QueueRunner.php(132): ActionScheduler_QueueRunner->do_batch(25, 'WP Cron')
#6 /opt/lampp/htdocs/company-profile/wp-includes/class-wp-hook.php(292): ActionScheduler_QueueRunner->run('WP Cron')
#7 /opt/lampp/htdocs/company-profile/wp-includes/class-wp-hook.php(316): WP_Hook->apply_filters('', Array)
#8 /opt/lampp/htdocs/company-profile/wp-includes/plugin.php(551): WP_Hook->do_action(Array)
#9 /opt/lampp/htdocs/company-profile/wp-cron.php(138): do_action_ref_array('action_schedule...', Array)
#10 {main}
  thrown

2021-03-31T05:59:22+00:00 CRITICAL Uncaught Error: Unknown named parameter $tasks_meta_id in /opt/lampp/htdocs/company-profile/wp-includes/class-wp-hook.php:292
Stack trace:
#0 /opt/lampp/htdocs/company-profile/wp-includes/class-wp-hook.php(316): WP_Hook->apply_filters('', Array)
#1 /opt/lampp/htdocs/company-profile/wp-includes/plugin.php(551): WP_Hook->do_action(Array)
#2 /opt/lampp/htdocs/company-profile/wp-content/plugins/wpforms-lite/vendor/woocommerce/action-scheduler/classes/actions/ActionScheduler_Action.php(22): do_action_ref_array('wpforms_admin_n...', Array)
#3 /opt/lampp/htdocs/company-profile/wp-content/plugins/wpforms-lite/vendor/woocommerce/action-scheduler/classes/abstracts/ActionScheduler_Abstract_QueueRunner.php(65): ActionScheduler_Action->execute()
#4 /opt/lampp/htdocs/company-profile/wp-content/plugins/wpforms-lite/vendor/woocommerce/action-scheduler/classes/ActionScheduler_QueueRunner.php(162): ActionScheduler_Abstract_QueueRunner->process_action(661, 'Async Request')
#5 /opt/lampp/htdocs/company-profile/wp-content/plugins/wpforms-lite/vendor/woocommerce/action-scheduler/classes/ActionScheduler_QueueRunner.php(132): ActionScheduler_QueueRunner->do_batch(25, 'Async Request')
#6 /opt/lampp/htdocs/company-profile/wp-includes/class-wp-hook.php(292): ActionScheduler_QueueRunner->run('Async Request')
#7 /opt/lampp/htdocs/company-profile/wp-includes/class-wp-hook.php(316): WP_Hook->apply_filters('', Array)
#8 /opt/lampp/htdocs/company-profile/wp-includes/plugin.php(484): WP_Hook->do_action(Array)
#9 /opt/lampp/htdocs/company-profile/wp-content/plugins/wpforms-lite/vendor/woocommerce/action-scheduler/classes/ActionScheduler_AsyncRequest_QueueRunner.php(52): do_action('action_schedule...', 'Async Request')
#10 /opt/lampp/htdocs/company-profile/wp-content/plugins/wpforms-lite/vendor/woocommerce/action-scheduler/lib/WP_Async_Request.php(156): ActionScheduler_AsyncRequest_QueueRunner->handle()
#11 /opt/lampp/htdocs/company-profile/wp-includes/class-wp-hook.php(292): WP_Async_Request->maybe_handle('')
#12 /opt/lampp/htdocs/company-profile/wp-includes/class-wp-hook.php(316): WP_Hook->apply_filters('', Array)
#13 /opt/lampp/htdocs/company-profile/wp-includes/plugin.php(484): WP_Hook->do_action(Array)
#14 /opt/lampp/htdocs/company-profile/wp-admin/admin-ajax.php(187): do_action('wp_ajax_as_asyn...')
#15 {main}
  thrown

