2021-04-03T08:50:14+00:00 CRITICAL Uncaught Error: Unknown named parameter $tasks_meta_id in /opt/lampp/htdocs/company-profile/wp-includes/class-wp-hook.php:292
Stack trace:
#0 /opt/lampp/htdocs/company-profile/wp-includes/class-wp-hook.php(316): WP_Hook->apply_filters('', Array)
#1 /opt/lampp/htdocs/company-profile/wp-includes/plugin.php(551): WP_Hook->do_action(Array)
#2 /opt/lampp/htdocs/company-profile/wp-content/plugins/wpforms-lite/vendor/woocommerce/action-scheduler/classes/actions/ActionScheduler_Action.php(22): do_action_ref_array('wpforms_process...', Array)
#3 /opt/lampp/htdocs/company-profile/wp-content/plugins/wpforms-lite/vendor/woocommerce/action-scheduler/classes/abstracts/ActionScheduler_Abstract_QueueRunner.php(65): ActionScheduler_Action->execute()
#4 /opt/lampp/htdocs/company-profile/wp-content/plugins/wpforms-lite/vendor/woocommerce/action-scheduler/classes/ActionScheduler_QueueRunner.php(162): ActionScheduler_Abstract_QueueRunner->process_action(664, 'WP Cron')
#5 /opt/lampp/htdocs/company-profile/wp-content/plugins/wpforms-lite/vendor/woocommerce/action-scheduler/classes/ActionScheduler_QueueRunner.php(132): ActionScheduler_QueueRunner->do_batch(25, 'WP Cron')
#6 /opt/lampp/htdocs/company-profile/wp-includes/class-wp-hook.php(292): ActionScheduler_QueueRunner->run('WP Cron')
#7 /opt/lampp/htdocs/company-profile/wp-includes/class-wp-hook.php(316): WP_Hook->apply_filters('', Array)
#8 /opt/lampp/htdocs/company-profile/wp-includes/plugin.php(551): WP_Hook->do_action(Array)
#9 /opt/lampp/htdocs/company-profile/wp-cron.php(138): do_action_ref_array('action_schedule...', Array)
#10 {main}
  thrown

2021-04-03T08:52:14+00:00 CRITICAL Uncaught TypeError: file_exists(): Argument #1 ($filename) must be of type string, array given in /opt/lampp/htdocs/company-profile/wp-content/plugins/caldera-forms/cf2/Jobs/DeleteFileJob.php:41
Stack trace:
#0 /opt/lampp/htdocs/company-profile/wp-content/plugins/caldera-forms/cf2/Jobs/DeleteFileJob.php(41): file_exists(Array)
#1 /opt/lampp/htdocs/company-profile/wp-content/plugins/caldera-forms/vendor/a5hleyrich/wp-queue/src/WP_Queue/Worker.php(47): calderawp\calderaforms\cf2\Jobs\DeleteFileJob->handle()
#2 /opt/lampp/htdocs/company-profile/wp-content/plugins/caldera-forms/vendor/a5hleyrich/wp-queue/src/WP_Queue/Cron.php(105): WP_Queue\Worker->process()
#3 /opt/lampp/htdocs/company-profile/wp-includes/class-wp-hook.php(292): WP_Queue\Cron->cron_worker()
#4 /opt/lampp/htdocs/company-profile/wp-includes/class-wp-hook.php(316): WP_Hook->apply_filters('', Array)
#5 /opt/lampp/htdocs/company-profile/wp-includes/plugin.php(551): WP_Hook->do_action(Array)
#6 /opt/lampp/htdocs/company-profile/wp-cron.php(138): do_action_ref_array('calderawp_calde...', Array)
#7 {main}
  thrown

2021-04-03T08:59:14+00:00 CRITICAL Uncaught TypeError: file_exists(): Argument #1 ($filename) must be of type string, array given in /opt/lampp/htdocs/company-profile/wp-content/plugins/caldera-forms/cf2/Jobs/DeleteFileJob.php:41
Stack trace:
#0 /opt/lampp/htdocs/company-profile/wp-content/plugins/caldera-forms/cf2/Jobs/DeleteFileJob.php(41): file_exists(Array)
#1 /opt/lampp/htdocs/company-profile/wp-content/plugins/caldera-forms/vendor/a5hleyrich/wp-queue/src/WP_Queue/Worker.php(47): calderawp\calderaforms\cf2\Jobs\DeleteFileJob->handle()
#2 /opt/lampp/htdocs/company-profile/wp-content/plugins/caldera-forms/vendor/a5hleyrich/wp-queue/src/WP_Queue/Cron.php(105): WP_Queue\Worker->process()
#3 /opt/lampp/htdocs/company-profile/wp-includes/class-wp-hook.php(292): WP_Queue\Cron->cron_worker()
#4 /opt/lampp/htdocs/company-profile/wp-includes/class-wp-hook.php(316): WP_Hook->apply_filters('', Array)
#5 /opt/lampp/htdocs/company-profile/wp-includes/plugin.php(551): WP_Hook->do_action(Array)
#6 /opt/lampp/htdocs/company-profile/wp-cron.php(138): do_action_ref_array('calderawp_calde...', Array)
#7 {main}
  thrown

2021-04-03T09:32:05+00:00 CRITICAL Uncaught TypeError: file_exists(): Argument #1 ($filename) must be of type string, array given in /opt/lampp/htdocs/company-profile/wp-content/plugins/caldera-forms/cf2/Jobs/DeleteFileJob.php:41
Stack trace:
#0 /opt/lampp/htdocs/company-profile/wp-content/plugins/caldera-forms/cf2/Jobs/DeleteFileJob.php(41): file_exists(Array)
#1 /opt/lampp/htdocs/company-profile/wp-content/plugins/caldera-forms/vendor/a5hleyrich/wp-queue/src/WP_Queue/Worker.php(47): calderawp\calderaforms\cf2\Jobs\DeleteFileJob->handle()
#2 /opt/lampp/htdocs/company-profile/wp-content/plugins/caldera-forms/vendor/a5hleyrich/wp-queue/src/WP_Queue/Cron.php(105): WP_Queue\Worker->process()
#3 /opt/lampp/htdocs/company-profile/wp-includes/class-wp-hook.php(292): WP_Queue\Cron->cron_worker()
#4 /opt/lampp/htdocs/company-profile/wp-includes/class-wp-hook.php(316): WP_Hook->apply_filters('', Array)
#5 /opt/lampp/htdocs/company-profile/wp-includes/plugin.php(551): WP_Hook->do_action(Array)
#6 /opt/lampp/htdocs/company-profile/wp-cron.php(138): do_action_ref_array('calderawp_calde...', Array)
#7 {main}
  thrown

2021-04-03T09:39:11+00:00 CRITICAL Uncaught TypeError: file_exists(): Argument #1 ($filename) must be of type string, array given in /opt/lampp/htdocs/company-profile/wp-content/plugins/caldera-forms/cf2/Jobs/DeleteFileJob.php:41
Stack trace:
#0 /opt/lampp/htdocs/company-profile/wp-content/plugins/caldera-forms/cf2/Jobs/DeleteFileJob.php(41): file_exists(Array)
#1 /opt/lampp/htdocs/company-profile/wp-content/plugins/caldera-forms/vendor/a5hleyrich/wp-queue/src/WP_Queue/Worker.php(47): calderawp\calderaforms\cf2\Jobs\DeleteFileJob->handle()
#2 /opt/lampp/htdocs/company-profile/wp-content/plugins/caldera-forms/vendor/a5hleyrich/wp-queue/src/WP_Queue/Cron.php(105): WP_Queue\Worker->process()
#3 /opt/lampp/htdocs/company-profile/wp-includes/class-wp-hook.php(292): WP_Queue\Cron->cron_worker()
#4 /opt/lampp/htdocs/company-profile/wp-includes/class-wp-hook.php(316): WP_Hook->apply_filters('', Array)
#5 /opt/lampp/htdocs/company-profile/wp-includes/plugin.php(551): WP_Hook->do_action(Array)
#6 /opt/lampp/htdocs/company-profile/wp-cron.php(138): do_action_ref_array('calderawp_calde...', Array)
#7 {main}
  thrown

2021-04-03T15:21:00+00:00 CRITICAL Uncaught TypeError: file_exists(): Argument #1 ($filename) must be of type string, array given in /opt/lampp/htdocs/company-profile/wp-content/plugins/caldera-forms/cf2/Jobs/DeleteFileJob.php:41
Stack trace:
#0 /opt/lampp/htdocs/company-profile/wp-content/plugins/caldera-forms/cf2/Jobs/DeleteFileJob.php(41): file_exists(Array)
#1 /opt/lampp/htdocs/company-profile/wp-content/plugins/caldera-forms/vendor/a5hleyrich/wp-queue/src/WP_Queue/Worker.php(47): calderawp\calderaforms\cf2\Jobs\DeleteFileJob->handle()
#2 /opt/lampp/htdocs/company-profile/wp-content/plugins/caldera-forms/vendor/a5hleyrich/wp-queue/src/WP_Queue/Cron.php(105): WP_Queue\Worker->process()
#3 /opt/lampp/htdocs/company-profile/wp-includes/class-wp-hook.php(292): WP_Queue\Cron->cron_worker()
#4 /opt/lampp/htdocs/company-profile/wp-includes/class-wp-hook.php(316): WP_Hook->apply_filters('', Array)
#5 /opt/lampp/htdocs/company-profile/wp-includes/plugin.php(551): WP_Hook->do_action(Array)
#6 /opt/lampp/htdocs/company-profile/wp-cron.php(138): do_action_ref_array('calderawp_calde...', Array)
#7 {main}
  thrown

2021-04-03T15:21:32+00:00 CRITICAL Uncaught Error: Unknown named parameter $tasks_meta_id in /opt/lampp/htdocs/company-profile/wp-includes/class-wp-hook.php:292
Stack trace:
#0 /opt/lampp/htdocs/company-profile/wp-includes/class-wp-hook.php(316): WP_Hook->apply_filters('', Array)
#1 /opt/lampp/htdocs/company-profile/wp-includes/plugin.php(551): WP_Hook->do_action(Array)
#2 /opt/lampp/htdocs/company-profile/wp-content/plugins/wpforms-lite/vendor/woocommerce/action-scheduler/classes/actions/ActionScheduler_Action.php(22): do_action_ref_array('wpforms_admin_n...', Array)
#3 /opt/lampp/htdocs/company-profile/wp-content/plugins/wpforms-lite/vendor/woocommerce/action-scheduler/classes/abstracts/ActionScheduler_Abstract_QueueRunner.php(65): ActionScheduler_Action->execute()
#4 /opt/lampp/htdocs/company-profile/wp-content/plugins/wpforms-lite/vendor/woocommerce/action-scheduler/classes/ActionScheduler_QueueRunner.php(162): ActionScheduler_Abstract_QueueRunner->process_action(767, 'Async Request')
#5 /opt/lampp/htdocs/company-profile/wp-content/plugins/wpforms-lite/vendor/woocommerce/action-scheduler/classes/ActionScheduler_QueueRunner.php(132): ActionScheduler_QueueRunner->do_batch(25, 'Async Request')
#6 /opt/lampp/htdocs/company-profile/wp-includes/class-wp-hook.php(292): ActionScheduler_QueueRunner->run('Async Request')
#7 /opt/lampp/htdocs/company-profile/wp-includes/class-wp-hook.php(316): WP_Hook->apply_filters('', Array)
#8 /opt/lampp/htdocs/company-profile/wp-includes/plugin.php(484): WP_Hook->do_action(Array)
#9 /opt/lampp/htdocs/company-profile/wp-content/plugins/wpforms-lite/vendor/woocommerce/action-scheduler/classes/ActionScheduler_AsyncRequest_QueueRunner.php(52): do_action('action_schedule...', 'Async Request')
#10 /opt/lampp/htdocs/company-profile/wp-content/plugins/wpforms-lite/vendor/woocommerce/action-scheduler/lib/WP_Async_Request.php(156): ActionScheduler_AsyncRequest_QueueRunner->handle()
#11 /opt/lampp/htdocs/company-profile/wp-includes/class-wp-hook.php(292): WP_Async_Request->maybe_handle('')
#12 /opt/lampp/htdocs/company-profile/wp-includes/class-wp-hook.php(316): WP_Hook->apply_filters('', Array)
#13 /opt/lampp/htdocs/company-profile/wp-includes/plugin.php(484): WP_Hook->do_action(Array)
#14 /opt/lampp/htdocs/company-profile/wp-admin/admin-ajax.php(187): do_action('wp_ajax_as_asyn...')
#15 {main}
  thrown

2021-04-03T15:22:41+00:00 CRITICAL Uncaught Error: Unknown named parameter $tasks_meta_id in /opt/lampp/htdocs/company-profile/wp-includes/class-wp-hook.php:292
Stack trace:
#0 /opt/lampp/htdocs/company-profile/wp-includes/class-wp-hook.php(316): WP_Hook->apply_filters('', Array)
#1 /opt/lampp/htdocs/company-profile/wp-includes/plugin.php(551): WP_Hook->do_action(Array)
#2 /opt/lampp/htdocs/company-profile/wp-content/plugins/wpforms-lite/vendor/woocommerce/action-scheduler/classes/actions/ActionScheduler_Action.php(22): do_action_ref_array('wpforms_admin_n...', Array)
#3 /opt/lampp/htdocs/company-profile/wp-content/plugins/wpforms-lite/vendor/woocommerce/action-scheduler/classes/abstracts/ActionScheduler_Abstract_QueueRunner.php(65): ActionScheduler_Action->execute()
#4 /opt/lampp/htdocs/company-profile/wp-content/plugins/wpforms-lite/vendor/woocommerce/action-scheduler/classes/ActionScheduler_QueueRunner.php(162): ActionScheduler_Abstract_QueueRunner->process_action(768, 'Async Request')
#5 /opt/lampp/htdocs/company-profile/wp-content/plugins/wpforms-lite/vendor/woocommerce/action-scheduler/classes/ActionScheduler_QueueRunner.php(132): ActionScheduler_QueueRunner->do_batch(25, 'Async Request')
#6 /opt/lampp/htdocs/company-profile/wp-includes/class-wp-hook.php(292): ActionScheduler_QueueRunner->run('Async Request')
#7 /opt/lampp/htdocs/company-profile/wp-includes/class-wp-hook.php(316): WP_Hook->apply_filters('', Array)
#8 /opt/lampp/htdocs/company-profile/wp-includes/plugin.php(484): WP_Hook->do_action(Array)
#9 /opt/lampp/htdocs/company-profile/wp-content/plugins/wpforms-lite/vendor/woocommerce/action-scheduler/classes/ActionScheduler_AsyncRequest_QueueRunner.php(52): do_action('action_schedule...', 'Async Request')
#10 /opt/lampp/htdocs/company-profile/wp-content/plugins/wpforms-lite/vendor/woocommerce/action-scheduler/lib/WP_Async_Request.php(156): ActionScheduler_AsyncRequest_QueueRunner->handle()
#11 /opt/lampp/htdocs/company-profile/wp-includes/class-wp-hook.php(292): WP_Async_Request->maybe_handle('')
#12 /opt/lampp/htdocs/company-profile/wp-includes/class-wp-hook.php(316): WP_Hook->apply_filters('', Array)
#13 /opt/lampp/htdocs/company-profile/wp-includes/plugin.php(484): WP_Hook->do_action(Array)
#14 /opt/lampp/htdocs/company-profile/wp-admin/admin-ajax.php(187): do_action('wp_ajax_as_asyn...')
#15 {main}
  thrown

2021-04-03T15:28:43+00:00 CRITICAL Uncaught TypeError: file_exists(): Argument #1 ($filename) must be of type string, array given in /opt/lampp/htdocs/company-profile/wp-content/plugins/caldera-forms/cf2/Jobs/DeleteFileJob.php:41
Stack trace:
#0 /opt/lampp/htdocs/company-profile/wp-content/plugins/caldera-forms/cf2/Jobs/DeleteFileJob.php(41): file_exists(Array)
#1 /opt/lampp/htdocs/company-profile/wp-content/plugins/caldera-forms/vendor/a5hleyrich/wp-queue/src/WP_Queue/Worker.php(47): calderawp\calderaforms\cf2\Jobs\DeleteFileJob->handle()
#2 /opt/lampp/htdocs/company-profile/wp-content/plugins/caldera-forms/vendor/a5hleyrich/wp-queue/src/WP_Queue/Cron.php(105): WP_Queue\Worker->process()
#3 /opt/lampp/htdocs/company-profile/wp-includes/class-wp-hook.php(292): WP_Queue\Cron->cron_worker()
#4 /opt/lampp/htdocs/company-profile/wp-includes/class-wp-hook.php(316): WP_Hook->apply_filters('', Array)
#5 /opt/lampp/htdocs/company-profile/wp-includes/plugin.php(551): WP_Hook->do_action(Array)
#6 /opt/lampp/htdocs/company-profile/wp-cron.php(138): do_action_ref_array('calderawp_calde...', Array)
#7 {main}
  thrown

2021-04-03T15:33:45+00:00 CRITICAL Uncaught TypeError: file_exists(): Argument #1 ($filename) must be of type string, array given in /opt/lampp/htdocs/company-profile/wp-content/plugins/caldera-forms/cf2/Jobs/DeleteFileJob.php:41
Stack trace:
#0 /opt/lampp/htdocs/company-profile/wp-content/plugins/caldera-forms/cf2/Jobs/DeleteFileJob.php(41): file_exists(Array)
#1 /opt/lampp/htdocs/company-profile/wp-content/plugins/caldera-forms/vendor/a5hleyrich/wp-queue/src/WP_Queue/Worker.php(47): calderawp\calderaforms\cf2\Jobs\DeleteFileJob->handle()
#2 /opt/lampp/htdocs/company-profile/wp-content/plugins/caldera-forms/vendor/a5hleyrich/wp-queue/src/WP_Queue/Cron.php(105): WP_Queue\Worker->process()
#3 /opt/lampp/htdocs/company-profile/wp-includes/class-wp-hook.php(292): WP_Queue\Cron->cron_worker()
#4 /opt/lampp/htdocs/company-profile/wp-includes/class-wp-hook.php(316): WP_Hook->apply_filters('', Array)
#5 /opt/lampp/htdocs/company-profile/wp-includes/plugin.php(551): WP_Hook->do_action(Array)
#6 /opt/lampp/htdocs/company-profile/wp-cron.php(138): do_action_ref_array('calderawp_calde...', Array)
#7 {main}
  thrown

2021-04-03T15:38:48+00:00 CRITICAL Uncaught TypeError: file_exists(): Argument #1 ($filename) must be of type string, array given in /opt/lampp/htdocs/company-profile/wp-content/plugins/caldera-forms/cf2/Jobs/DeleteFileJob.php:41
Stack trace:
#0 /opt/lampp/htdocs/company-profile/wp-content/plugins/caldera-forms/cf2/Jobs/DeleteFileJob.php(41): file_exists(Array)
#1 /opt/lampp/htdocs/company-profile/wp-content/plugins/caldera-forms/vendor/a5hleyrich/wp-queue/src/WP_Queue/Worker.php(47): calderawp\calderaforms\cf2\Jobs\DeleteFileJob->handle()
#2 /opt/lampp/htdocs/company-profile/wp-content/plugins/caldera-forms/vendor/a5hleyrich/wp-queue/src/WP_Queue/Cron.php(105): WP_Queue\Worker->process()
#3 /opt/lampp/htdocs/company-profile/wp-includes/class-wp-hook.php(292): WP_Queue\Cron->cron_worker()
#4 /opt/lampp/htdocs/company-profile/wp-includes/class-wp-hook.php(316): WP_Hook->apply_filters('', Array)
#5 /opt/lampp/htdocs/company-profile/wp-includes/plugin.php(551): WP_Hook->do_action(Array)
#6 /opt/lampp/htdocs/company-profile/wp-cron.php(138): do_action_ref_array('calderawp_calde...', Array)
#7 {main}
  thrown

2021-04-03T16:28:31+00:00 CRITICAL Uncaught TypeError: file_exists(): Argument #1 ($filename) must be of type string, array given in /opt/lampp/htdocs/company-profile/wp-content/plugins/caldera-forms/cf2/Jobs/DeleteFileJob.php:41
Stack trace:
#0 /opt/lampp/htdocs/company-profile/wp-content/plugins/caldera-forms/cf2/Jobs/DeleteFileJob.php(41): file_exists(Array)
#1 /opt/lampp/htdocs/company-profile/wp-content/plugins/caldera-forms/vendor/a5hleyrich/wp-queue/src/WP_Queue/Worker.php(47): calderawp\calderaforms\cf2\Jobs\DeleteFileJob->handle()
#2 /opt/lampp/htdocs/company-profile/wp-content/plugins/caldera-forms/vendor/a5hleyrich/wp-queue/src/WP_Queue/Cron.php(105): WP_Queue\Worker->process()
#3 /opt/lampp/htdocs/company-profile/wp-includes/class-wp-hook.php(292): WP_Queue\Cron->cron_worker()
#4 /opt/lampp/htdocs/company-profile/wp-includes/class-wp-hook.php(316): WP_Hook->apply_filters('', Array)
#5 /opt/lampp/htdocs/company-profile/wp-includes/plugin.php(551): WP_Hook->do_action(Array)
#6 /opt/lampp/htdocs/company-profile/wp-cron.php(138): do_action_ref_array('calderawp_calde...', Array)
#7 {main}
  thrown

2021-04-03T18:17:50+00:00 CRITICAL Uncaught TypeError: file_exists(): Argument #1 ($filename) must be of type string, array given in /opt/lampp/htdocs/company-profile/wp-content/plugins/caldera-forms/cf2/Jobs/DeleteFileJob.php:41
Stack trace:
#0 /opt/lampp/htdocs/company-profile/wp-content/plugins/caldera-forms/cf2/Jobs/DeleteFileJob.php(41): file_exists(Array)
#1 /opt/lampp/htdocs/company-profile/wp-content/plugins/caldera-forms/vendor/a5hleyrich/wp-queue/src/WP_Queue/Worker.php(47): calderawp\calderaforms\cf2\Jobs\DeleteFileJob->handle()
#2 /opt/lampp/htdocs/company-profile/wp-content/plugins/caldera-forms/vendor/a5hleyrich/wp-queue/src/WP_Queue/Cron.php(105): WP_Queue\Worker->process()
#3 /opt/lampp/htdocs/company-profile/wp-includes/class-wp-hook.php(292): WP_Queue\Cron->cron_worker()
#4 /opt/lampp/htdocs/company-profile/wp-includes/class-wp-hook.php(316): WP_Hook->apply_filters('', Array)
#5 /opt/lampp/htdocs/company-profile/wp-includes/plugin.php(551): WP_Hook->do_action(Array)
#6 /opt/lampp/htdocs/company-profile/wp-cron.php(138): do_action_ref_array('calderawp_calde...', Array)
#7 {main}
  thrown

2021-04-03T18:17:56+00:00 CRITICAL Uncaught Error: Unknown named parameter $tasks_meta_id in /opt/lampp/htdocs/company-profile/wp-includes/class-wp-hook.php:292
Stack trace:
#0 /opt/lampp/htdocs/company-profile/wp-includes/class-wp-hook.php(316): WP_Hook->apply_filters('', Array)
#1 /opt/lampp/htdocs/company-profile/wp-includes/plugin.php(551): WP_Hook->do_action(Array)
#2 /opt/lampp/htdocs/company-profile/wp-content/plugins/wpforms-lite/vendor/woocommerce/action-scheduler/classes/actions/ActionScheduler_Action.php(22): do_action_ref_array('wpforms_admin_n...', Array)
#3 /opt/lampp/htdocs/company-profile/wp-content/plugins/wpforms-lite/vendor/woocommerce/action-scheduler/classes/abstracts/ActionScheduler_Abstract_QueueRunner.php(65): ActionScheduler_Action->execute()
#4 /opt/lampp/htdocs/company-profile/wp-content/plugins/wpforms-lite/vendor/woocommerce/action-scheduler/classes/ActionScheduler_QueueRunner.php(162): ActionScheduler_Abstract_QueueRunner->process_action(769, 'Async Request')
#5 /opt/lampp/htdocs/company-profile/wp-content/plugins/wpforms-lite/vendor/woocommerce/action-scheduler/classes/ActionScheduler_QueueRunner.php(132): ActionScheduler_QueueRunner->do_batch(25, 'Async Request')
#6 /opt/lampp/htdocs/company-profile/wp-includes/class-wp-hook.php(292): ActionScheduler_QueueRunner->run('Async Request')
#7 /opt/lampp/htdocs/company-profile/wp-includes/class-wp-hook.php(316): WP_Hook->apply_filters('', Array)
#8 /opt/lampp/htdocs/company-profile/wp-includes/plugin.php(484): WP_Hook->do_action(Array)
#9 /opt/lampp/htdocs/company-profile/wp-content/plugins/wpforms-lite/vendor/woocommerce/action-scheduler/classes/ActionScheduler_AsyncRequest_QueueRunner.php(52): do_action('action_schedule...', 'Async Request')
#10 /opt/lampp/htdocs/company-profile/wp-content/plugins/wpforms-lite/vendor/woocommerce/action-scheduler/lib/WP_Async_Request.php(156): ActionScheduler_AsyncRequest_QueueRunner->handle()
#11 /opt/lampp/htdocs/company-profile/wp-includes/class-wp-hook.php(292): WP_Async_Request->maybe_handle('')
#12 /opt/lampp/htdocs/company-profile/wp-includes/class-wp-hook.php(316): WP_Hook->apply_filters('', Array)
#13 /opt/lampp/htdocs/company-profile/wp-includes/plugin.php(484): WP_Hook->do_action(Array)
#14 /opt/lampp/htdocs/company-profile/wp-admin/admin-ajax.php(187): do_action('wp_ajax_as_asyn...')
#15 {main}
  thrown

2021-04-03T18:19:00+00:00 CRITICAL Uncaught Error: Unknown named parameter $tasks_meta_id in /opt/lampp/htdocs/company-profile/wp-includes/class-wp-hook.php:292
Stack trace:
#0 /opt/lampp/htdocs/company-profile/wp-includes/class-wp-hook.php(316): WP_Hook->apply_filters('', Array)
#1 /opt/lampp/htdocs/company-profile/wp-includes/plugin.php(551): WP_Hook->do_action(Array)
#2 /opt/lampp/htdocs/company-profile/wp-content/plugins/wpforms-lite/vendor/woocommerce/action-scheduler/classes/actions/ActionScheduler_Action.php(22): do_action_ref_array('wpforms_admin_n...', Array)
#3 /opt/lampp/htdocs/company-profile/wp-content/plugins/wpforms-lite/vendor/woocommerce/action-scheduler/classes/abstracts/ActionScheduler_Abstract_QueueRunner.php(65): ActionScheduler_Action->execute()
#4 /opt/lampp/htdocs/company-profile/wp-content/plugins/wpforms-lite/vendor/woocommerce/action-scheduler/classes/ActionScheduler_QueueRunner.php(162): ActionScheduler_Abstract_QueueRunner->process_action(770, 'WP Cron')
#5 /opt/lampp/htdocs/company-profile/wp-content/plugins/wpforms-lite/vendor/woocommerce/action-scheduler/classes/ActionScheduler_QueueRunner.php(132): ActionScheduler_QueueRunner->do_batch(25, 'WP Cron')
#6 /opt/lampp/htdocs/company-profile/wp-includes/class-wp-hook.php(292): ActionScheduler_QueueRunner->run('WP Cron')
#7 /opt/lampp/htdocs/company-profile/wp-includes/class-wp-hook.php(316): WP_Hook->apply_filters('', Array)
#8 /opt/lampp/htdocs/company-profile/wp-includes/plugin.php(551): WP_Hook->do_action(Array)
#9 /opt/lampp/htdocs/company-profile/wp-cron.php(138): do_action_ref_array('action_schedule...', Array)
#10 {main}
  thrown

2021-04-03T21:01:09+00:00 CRITICAL Uncaught Error: Unknown named parameter $tasks_meta_id in /opt/lampp/htdocs/company-profile/wp-includes/class-wp-hook.php:292
Stack trace:
#0 /opt/lampp/htdocs/company-profile/wp-includes/class-wp-hook.php(316): WP_Hook->apply_filters('', Array)
#1 /opt/lampp/htdocs/company-profile/wp-includes/plugin.php(551): WP_Hook->do_action(Array)
#2 /opt/lampp/htdocs/company-profile/wp-content/plugins/wpforms-lite/vendor/woocommerce/action-scheduler/classes/actions/ActionScheduler_Action.php(22): do_action_ref_array('wpforms_admin_n...', Array)
#3 /opt/lampp/htdocs/company-profile/wp-content/plugins/wpforms-lite/vendor/woocommerce/action-scheduler/classes/abstracts/ActionScheduler_Abstract_QueueRunner.php(65): ActionScheduler_Action->execute()
#4 /opt/lampp/htdocs/company-profile/wp-content/plugins/wpforms-lite/vendor/woocommerce/action-scheduler/classes/ActionScheduler_QueueRunner.php(162): ActionScheduler_Abstract_QueueRunner->process_action(771, 'Async Request')
#5 /opt/lampp/htdocs/company-profile/wp-content/plugins/wpforms-lite/vendor/woocommerce/action-scheduler/classes/ActionScheduler_QueueRunner.php(132): ActionScheduler_QueueRunner->do_batch(25, 'Async Request')
#6 /opt/lampp/htdocs/company-profile/wp-includes/class-wp-hook.php(292): ActionScheduler_QueueRunner->run('Async Request')
#7 /opt/lampp/htdocs/company-profile/wp-includes/class-wp-hook.php(316): WP_Hook->apply_filters('', Array)
#8 /opt/lampp/htdocs/company-profile/wp-includes/plugin.php(484): WP_Hook->do_action(Array)
#9 /opt/lampp/htdocs/company-profile/wp-content/plugins/wpforms-lite/vendor/woocommerce/action-scheduler/classes/ActionScheduler_AsyncRequest_QueueRunner.php(52): do_action('action_schedule...', 'Async Request')
#10 /opt/lampp/htdocs/company-profile/wp-content/plugins/wpforms-lite/vendor/woocommerce/action-scheduler/lib/WP_Async_Request.php(156): ActionScheduler_AsyncRequest_QueueRunner->handle()
#11 /opt/lampp/htdocs/company-profile/wp-includes/class-wp-hook.php(292): WP_Async_Request->maybe_handle('')
#12 /opt/lampp/htdocs/company-profile/wp-includes/class-wp-hook.php(316): WP_Hook->apply_filters('', Array)
#13 /opt/lampp/htdocs/company-profile/wp-includes/plugin.php(484): WP_Hook->do_action(Array)
#14 /opt/lampp/htdocs/company-profile/wp-admin/admin-ajax.php(187): do_action('wp_ajax_as_asyn...')
#15 {main}
  thrown

2021-04-03T21:01:09+00:00 CRITICAL Uncaught TypeError: file_exists(): Argument #1 ($filename) must be of type string, array given in /opt/lampp/htdocs/company-profile/wp-content/plugins/caldera-forms/cf2/Jobs/DeleteFileJob.php:41
Stack trace:
#0 /opt/lampp/htdocs/company-profile/wp-content/plugins/caldera-forms/cf2/Jobs/DeleteFileJob.php(41): file_exists(Array)
#1 /opt/lampp/htdocs/company-profile/wp-content/plugins/caldera-forms/vendor/a5hleyrich/wp-queue/src/WP_Queue/Worker.php(47): calderawp\calderaforms\cf2\Jobs\DeleteFileJob->handle()
#2 /opt/lampp/htdocs/company-profile/wp-content/plugins/caldera-forms/vendor/a5hleyrich/wp-queue/src/WP_Queue/Cron.php(105): WP_Queue\Worker->process()
#3 /opt/lampp/htdocs/company-profile/wp-includes/class-wp-hook.php(292): WP_Queue\Cron->cron_worker()
#4 /opt/lampp/htdocs/company-profile/wp-includes/class-wp-hook.php(316): WP_Hook->apply_filters('', Array)
#5 /opt/lampp/htdocs/company-profile/wp-includes/plugin.php(551): WP_Hook->do_action(Array)
#6 /opt/lampp/htdocs/company-profile/wp-cron.php(138): do_action_ref_array('calderawp_calde...', Array)
#7 {main}
  thrown

2021-04-03T21:02:15+00:00 CRITICAL Uncaught Error: Unknown named parameter $tasks_meta_id in /opt/lampp/htdocs/company-profile/wp-includes/class-wp-hook.php:292
Stack trace:
#0 /opt/lampp/htdocs/company-profile/wp-includes/class-wp-hook.php(316): WP_Hook->apply_filters('', Array)
#1 /opt/lampp/htdocs/company-profile/wp-includes/plugin.php(551): WP_Hook->do_action(Array)
#2 /opt/lampp/htdocs/company-profile/wp-content/plugins/wpforms-lite/vendor/woocommerce/action-scheduler/classes/actions/ActionScheduler_Action.php(22): do_action_ref_array('wpforms_admin_n...', Array)
#3 /opt/lampp/htdocs/company-profile/wp-content/plugins/wpforms-lite/vendor/woocommerce/action-scheduler/classes/abstracts/ActionScheduler_Abstract_QueueRunner.php(65): ActionScheduler_Action->execute()
#4 /opt/lampp/htdocs/company-profile/wp-content/plugins/wpforms-lite/vendor/woocommerce/action-scheduler/classes/ActionScheduler_QueueRunner.php(162): ActionScheduler_Abstract_QueueRunner->process_action(772, 'WP Cron')
#5 /opt/lampp/htdocs/company-profile/wp-content/plugins/wpforms-lite/vendor/woocommerce/action-scheduler/classes/ActionScheduler_QueueRunner.php(132): ActionScheduler_QueueRunner->do_batch(25, 'WP Cron')
#6 /opt/lampp/htdocs/company-profile/wp-includes/class-wp-hook.php(292): ActionScheduler_QueueRunner->run('WP Cron')
#7 /opt/lampp/htdocs/company-profile/wp-includes/class-wp-hook.php(316): WP_Hook->apply_filters('', Array)
#8 /opt/lampp/htdocs/company-profile/wp-includes/plugin.php(551): WP_Hook->do_action(Array)
#9 /opt/lampp/htdocs/company-profile/wp-cron.php(138): do_action_ref_array('action_schedule...', Array)
#10 {main}
  thrown

2021-04-03T21:10:39+00:00 CRITICAL Uncaught TypeError: file_exists(): Argument #1 ($filename) must be of type string, array given in /opt/lampp/htdocs/company-profile/wp-content/plugins/caldera-forms/cf2/Jobs/DeleteFileJob.php:41
Stack trace:
#0 /opt/lampp/htdocs/company-profile/wp-content/plugins/caldera-forms/cf2/Jobs/DeleteFileJob.php(41): file_exists(Array)
#1 /opt/lampp/htdocs/company-profile/wp-content/plugins/caldera-forms/vendor/a5hleyrich/wp-queue/src/WP_Queue/Worker.php(47): calderawp\calderaforms\cf2\Jobs\DeleteFileJob->handle()
#2 /opt/lampp/htdocs/company-profile/wp-content/plugins/caldera-forms/vendor/a5hleyrich/wp-queue/src/WP_Queue/Cron.php(105): WP_Queue\Worker->process()
#3 /opt/lampp/htdocs/company-profile/wp-includes/class-wp-hook.php(292): WP_Queue\Cron->cron_worker()
#4 /opt/lampp/htdocs/company-profile/wp-includes/class-wp-hook.php(316): WP_Hook->apply_filters('', Array)
#5 /opt/lampp/htdocs/company-profile/wp-includes/plugin.php(551): WP_Hook->do_action(Array)
#6 /opt/lampp/htdocs/company-profile/wp-cron.php(138): do_action_ref_array('calderawp_calde...', Array)
#7 {main}
  thrown

2021-04-03T21:15:56+00:00 CRITICAL Uncaught TypeError: file_exists(): Argument #1 ($filename) must be of type string, array given in /opt/lampp/htdocs/company-profile/wp-content/plugins/caldera-forms/cf2/Jobs/DeleteFileJob.php:41
Stack trace:
#0 /opt/lampp/htdocs/company-profile/wp-content/plugins/caldera-forms/cf2/Jobs/DeleteFileJob.php(41): file_exists(Array)
#1 /opt/lampp/htdocs/company-profile/wp-content/plugins/caldera-forms/vendor/a5hleyrich/wp-queue/src/WP_Queue/Worker.php(47): calderawp\calderaforms\cf2\Jobs\DeleteFileJob->handle()
#2 /opt/lampp/htdocs/company-profile/wp-content/plugins/caldera-forms/vendor/a5hleyrich/wp-queue/src/WP_Queue/Cron.php(105): WP_Queue\Worker->process()
#3 /opt/lampp/htdocs/company-profile/wp-includes/class-wp-hook.php(292): WP_Queue\Cron->cron_worker()
#4 /opt/lampp/htdocs/company-profile/wp-includes/class-wp-hook.php(316): WP_Hook->apply_filters('', Array)
#5 /opt/lampp/htdocs/company-profile/wp-includes/plugin.php(551): WP_Hook->do_action(Array)
#6 /opt/lampp/htdocs/company-profile/wp-cron.php(138): do_action_ref_array('calderawp_calde...', Array)
#7 {main}
  thrown

